[21:51:00] [ServerMain/INFO]: [bootstrap] Running Java 21 (OpenJDK 64-Bit Server VM 21.0.7+6-Ubuntu-0ubuntu124.04; Ubuntu null) on Linux 6.8.0-1027-azure (amd64)
[21:51:00] [ServerMain/INFO]: [bootstrap] Loading Paper 1.21-130-master@b1b5d4c (2024-08-10T10:02:42Z) for Minecraft 1.21
[21:51:00] [ServerMain/INFO]: [PluginInitializerManager] Initializing plugins...
[21:51:03] [ServerMain/INFO]: [PluginInitializerManager] Initialized 3 plugins
[21:51:03] [ServerMain/INFO]: [PluginInitializerManager] Bukkit plugins (3):
 - Geyser-Spigot (2.8.2-SNAPSHOT), ViaVersion (5.4.1), floodgate (2.2.4-SNAPSHOT (b117-b469c0c))
[21:51:07] [ServerMain/INFO]: Environment: Environment[sessionHost=https://sessionserver.mojang.com, servicesHost=https://api.minecraftservices.com, name=PROD]
[21:51:09] [ServerMain/INFO]: Loaded 1290 recipes
[21:51:09] [ServerMain/INFO]: Loaded 1399 advancements
[21:51:09] [Server thread/INFO]: Starting minecraft server version 1.21
[21:51:09] [Server thread/INFO]: Loading properties
[21:51:09] [Server thread/INFO]: This server is running Paper version 1.21-130-master@b1b5d4c (2024-08-10T10:02:42Z) (Implementing API version 1.21-R0.1-SNAPSHOT)
[21:51:10] [Server thread/INFO]: [spark] This server bundles the spark profiler. For more information please visit https://docs.papermc.io/paper/profiling
[21:51:10] [Server thread/INFO]: Server Ping Player Sample Count: 12
[21:51:10] [Server thread/INFO]: Using 4 threads for Netty based IO
[21:51:11] [Server thread/INFO]: [ChunkTaskScheduler] Chunk system is using 1 I/O threads, 1 worker threads, and population gen parallelism of 1 threads
[21:51:11] [Server thread/INFO]: Default game type: SURVIVAL
[21:51:11] [Server thread/INFO]: Generating keypair
[21:51:11] [Server thread/INFO]: Starting Minecraft server on *:25565
[21:51:11] [Server thread/INFO]: Using epoll channel type
[21:51:11] [Server thread/INFO]: Paper: Using libdeflate (Linux x86_64) compression from Velocity.
[21:51:11] [Server thread/INFO]: Paper: Using OpenSSL 3.0.x (Linux x86_64) cipher from Velocity.
[21:51:13] [Server thread/INFO]: [floodgate] Loading server plugin floodgate v2.2.4-SNAPSHOT (b117-b469c0c)
[21:51:15] [Server thread/WARN]: [floodgate] en_ is not a supported Floodgate language.
[21:51:15] [Server thread/INFO]: [floodgate] Took 2,263ms to boot Floodgate
[21:51:15] [Server thread/INFO]: [ViaVersion] Loading server plugin ViaVersion v5.4.1
[21:51:15] [Server thread/INFO]: [ViaVersion] ViaVersion 5.4.1 is now loaded. Registering protocol transformers and injecting...
[21:51:17] [Via-Mappingloader-0/INFO]: [ViaVersion] Loading block connection mappings ...
[21:51:17] [Via-Mappingloader-0/INFO]: [ViaVersion] Using FastUtil Long2ObjectOpenHashMap for block connections
[21:51:18] [Server thread/INFO]: [Geyser-Spigot] Loading server plugin Geyser-Spigot v2.8.2-SNAPSHOT
[21:51:20] [Server thread/INFO]: [Geyser-Spigot] Loading extensions...
[21:51:20] [Server thread/INFO]: [Geyser-Spigot] Loaded 0 extension(s)
[21:51:20] [Server thread/INFO]: Server permissions file permissions.yml is empty, ignoring it
[21:51:20] [Server thread/WARN]: **** SERVER IS RUNNING IN OFFLINE/INSECURE MODE!
[21:51:20] [Server thread/WARN]: The server will make no attempt to authenticate usernames. Beware.
[21:51:20] [Server thread/WARN]: While this makes the game possible to play without internet access, it also opens up the ability for hackers to connect with any username they choose.
[21:51:20] [Server thread/WARN]: To change this, set "online-mode" to "true" in the server.properties file.
[21:51:20] [Server thread/INFO]: Preparing level "world"
[21:51:21] [Server thread/INFO]: Preparing start region for dimension minecraft:overworld
[21:51:22] [Server thread/INFO]: Time elapsed: 1355 ms
[21:51:22] [Server thread/INFO]: Preparing start region for dimension minecraft:the_nether
[21:51:22] [Server thread/INFO]: Time elapsed: 347 ms
[21:51:22] [Server thread/INFO]: Preparing start region for dimension minecraft:the_end
[21:51:23] [Server thread/INFO]: Time elapsed: 305 ms
[21:51:23] [Server thread/INFO]: [floodgate] Enabling floodgate v2.2.4-SNAPSHOT (b117-b469c0c)
[21:51:24] [Server thread/INFO]: [ViaVersion] Enabling ViaVersion v5.4.1
[21:51:24] [Server thread/INFO]: [ViaVersion] ViaVersion detected server version: 1.21-1.21.1 (767)
[21:51:24] [Server thread/INFO]: [Geyser-Spigot] Enabling Geyser-Spigot v2.8.2-SNAPSHOT
[21:51:24] [Server thread/INFO]: [spark] Starting background profiler...
[21:51:26] [Server thread/INFO]: [Geyser-Spigot] ******************************************
[21:51:26] [Server thread/INFO]: [Geyser-Spigot] 
[21:51:26] [Server thread/INFO]: [Geyser-Spigot] Loading Geyser version 2.8.2-b885 (git-master-853207b)
[21:51:26] [Server thread/INFO]: [Geyser-Spigot] 
[21:51:26] [Server thread/INFO]: [Geyser-Spigot] ******************************************
[21:51:34] [epollEventLoopGroup-3-1/INFO]: [Geyser-Spigot] Started Geyser on UDP port 1777
[21:51:34] [Server thread/INFO]: [Geyser-Spigot] Done (8.392s)! Run /geyser help for help!
[21:51:35] [Server thread/INFO]: Done preparing level "world" (14.520s)
[21:51:35] [Server thread/INFO]: Running delayed init tasks
[21:51:35] [Server thread/INFO]: Done (36.742s)! For help, type "help"
[21:51:35] [Craft Scheduler Thread - 2 - ViaVersion/INFO]: [ViaVersion] Finished mapping loading, shutting down loader executor.
[21:51:35] [Server thread/INFO]: Timings Reset
[22:07:54] [User Authenticator #0/INFO]: UUID of player hojaaaa is a59795fe-6461-3784-8142-f87fb27dab86
[22:08:04] [Server thread/INFO]: hojaaaa joined the game
[22:08:05] [Server thread/INFO]: hojaaaa[/127.4.194.172:60365] logged in with entity id 59 at ([world]-9.5, 63.0, 4.5)
[22:20:16] [Server thread/INFO]: hojaaaa was slain by Zombie
